timestamp: 2018-05-05T17:47:10.396573
CREATE TABLE "web2py_session_start"(
    "id" INTEGER PRIMARY KEY AUTOINCREMENT,
    "locked" CHAR(1),
    "client_ip" CHAR(64),
    "created_datetime" TIMESTAMP,
    "modified_datetime" TIMESTAMP,
    "unique_key" CHAR(64),
    "session_data" BLOB
);
success!
timestamp: 2018-05-05T17:47:10.413329
CREATE TABLE "auth_user"(
    "id" INTEGER PRIMARY KEY AUTOINCREMENT,
    "first_name" CHAR(128),
    "last_name" CHAR(128),
    "email" CHAR(512),
    "password" CHAR(512),
    "registration_key" CHAR(512),
    "reset_password_key" CHAR(512),
    "registration_id" CHAR(512)
);
success!
timestamp: 2018-05-05T17:47:10.419340
CREATE TABLE "auth_group"(
    "id" INTEGER PRIMARY KEY AUTOINCREMENT,
    "role" CHAR(512),
    "description" TEXT
);
success!
timestamp: 2018-05-05T17:47:10.422941
CREATE TABLE "auth_membership"(
    "id" INTEGER PRIMARY KEY AUTOINCREMENT,
    "user_id" INTEGER REFERENCES "auth_user" ("id") ON DELETE CASCADE  ,
    "group_id" INTEGER REFERENCES "auth_group" ("id") ON DELETE CASCADE  
);
success!
timestamp: 2018-05-05T17:47:10.434476
CREATE TABLE "auth_permission"(
    "id" INTEGER PRIMARY KEY AUTOINCREMENT,
    "group_id" INTEGER REFERENCES "auth_group" ("id") ON DELETE CASCADE  ,
    "name" CHAR(512),
    "table_name" CHAR(512),
    "record_id" INTEGER
);
success!
timestamp: 2018-05-05T17:47:10.438766
CREATE TABLE "auth_event"(
    "id" INTEGER PRIMARY KEY AUTOINCREMENT,
    "time_stamp" TIMESTAMP,
    "client_ip" CHAR(512),
    "user_id" INTEGER REFERENCES "auth_user" ("id") ON DELETE CASCADE  ,
    "origin" CHAR(512),
    "description" TEXT
);
success!
timestamp: 2018-05-05T17:47:10.443491
CREATE TABLE "auth_cas"(
    "id" INTEGER PRIMARY KEY AUTOINCREMENT,
    "user_id" INTEGER REFERENCES "auth_user" ("id") ON DELETE CASCADE  ,
    "created_on" TIMESTAMP,
    "service" CHAR(512),
    "ticket" CHAR(512),
    "renew" CHAR(1)
);
success!
timestamp: 2018-05-05T18:39:46.171950
CREATE TABLE "checklist"(
    "id" INTEGER PRIMARY KEY AUTOINCREMENT,
    "user_email" CHAR(512),
    "title" CHAR(512),
    "memo" TEXT,
    "updated_on" TIMESTAMP,
    "is_public" CHAR(1)
);
success!
timestamp: 2018-05-10T21:32:23.081881
ALTER TABLE "checklist" ADD "memo_text" TEXT;
success!
success!
success!
success!
success!
success!
success!
success!
success!
success!
success!
success!
success!
success!
success!
success!
success!
success!
success!
success!
success!
success!
success!
success!
success!
success!
success!
success!
success!
success!
success!
success!
success!
success!
success!
success!
success!
success!
success!
success!
success!
success!
success!
success!
success!
success!
success!
success!
success!
success!
success!
success!
success!
success!
success!
success!
success!
success!
success!
success!
success!
success!
success!
success!
success!
success!
success!
success!
success!
success!
success!
success!
success!
success!
success!
success!
success!
success!
success!
success!
success!
success!
success!
success!
success!
success!
success!
success!
success!
success!
success!
success!
success!
success!
success!
success!
success!
success!
success!
success!
success!
success!
success!
success!
success!
success!
success!
success!
success!
success!
success!
success!
success!
success!
success!
success!
success!
success!
success!
success!
success!
success!
success!
success!
success!
success!
success!
success!
success!
success!
success!
success!
success!
success!
success!
success!
success!
success!
success!
success!
success!
success!
success!
success!
success!
success!
success!
success!
success!
success!
success!
success!
success!
success!
success!
success!
success!
success!
success!
success!
success!
success!
success!
success!
success!
success!
success!
success!
success!
success!
success!
success!
success!
success!
success!
success!
success!
success!
success!
success!
success!
success!
success!
success!
success!
success!
success!
success!
success!
success!
success!
success!
success!
success!
success!
success!
success!
success!
success!
success!
success!
success!
success!
success!
success!
success!
success!
success!
success!
success!
success!
success!
success!
success!
success!
success!
success!
success!
success!
success!
success!
success!
success!
success!
success!
success!
success!
success!
success!
success!
success!
success!
success!
success!
success!
success!
success!
success!
success!
success!
success!
success!
success!
success!
success!
success!
success!
success!
success!
success!
success!
success!
success!
success!
success!
success!
success!
success!
success!
success!
success!
success!
success!
success!
success!
success!
success!
success!
success!
success!
success!
success!
success!
success!
success!
success!
success!
success!
success!
success!
success!
success!
success!
success!
success!
success!
success!
success!
success!
success!
success!
success!
success!
success!
success!
success!
success!
success!
success!
success!
success!
success!
success!
success!
success!
success!
success!
success!
success!
success!
success!
success!
success!
success!
success!
success!
success!
success!
success!
success!
success!
success!
success!
success!
success!
success!
success!
success!
success!
success!
success!
success!
success!
success!
success!
success!
success!
success!
success!
success!
success!
success!
success!
success!
success!
success!
success!
success!
success!
success!
success!
success!
success!
success!
success!
success!
success!
success!
success!
success!
success!
success!
success!
success!
success!
success!
success!
success!
success!
success!
success!
success!
success!
success!
success!
success!
success!
success!
success!
success!
success!
success!
success!
success!
success!
success!
success!
success!
success!
success!
success!
success!
success!
success!
success!
success!
success!
success!
success!
success!
success!
success!
success!
success!
success!
success!
success!
success!
success!
success!
success!
success!
success!
success!
success!
success!
success!
success!
success!
success!
success!
success!
success!
success!
success!
success!
success!
success!
success!
success!
success!
success!
success!
success!
success!
success!
success!
success!
success!
success!
success!
success!
success!
success!
success!
success!
success!
success!
success!
success!
success!
success!
success!
success!
success!
success!
success!
success!
success!
success!
success!
success!
success!
success!
success!
success!
success!
success!
success!
success!
success!
success!
success!
success!
success!
success!
success!
success!
success!
success!
success!
success!
success!
success!
success!
success!
success!
success!
success!
success!
success!
success!
success!
success!
success!
success!
success!
success!
success!
success!
success!
success!
success!
success!
success!
success!
success!
success!
success!
success!
success!
success!
success!
success!
success!
success!
success!
success!
success!
success!
success!
success!
success!
success!
success!
success!
success!
success!
success!
success!
success!
success!
success!
success!
success!
success!
success!
success!
success!
success!
success!
success!
success!
success!
success!
success!
success!
success!
success!
success!
success!
success!
success!
success!
success!
success!
success!
success!
success!
success!
success!
success!
success!
success!
success!
success!
success!
success!
success!
success!
success!
success!
success!
success!
success!
success!
success!
success!
success!
success!
success!
success!
success!
success!
success!
success!
success!
success!
success!
success!
success!
success!
success!
success!
success!
success!
success!
success!
success!
success!
success!
success!
success!
timestamp: 2018-05-26T15:11:59.365421
CREATE TABLE "user_images"(
    "id" INTEGER PRIMARY KEY AUTOINCREMENT,
    "created_on" TIMESTAMP,
    "created_by" INTEGER REFERENCES "auth_user" ("id") ON DELETE CASCADE  ,
    "image_url" CHAR(512)
);
success!
timestamp: 2018-05-26T16:08:14.771606
ALTER TABLE "user_images" ADD "user_email" CHAR(512);
success!
timestamp: 2018-05-26T20:43:26.526832
ALTER TABLE "user_images" ADD "price" DOUBLE;
success!
timestamp: 2018-06-02T21:35:48.032000
CREATE TABLE "web2py_session_hw5"(
    "id" INTEGER PRIMARY KEY AUTOINCREMENT,
    "locked" CHAR(1),
    "client_ip" CHAR(64),
    "created_datetime" TIMESTAMP,
    "modified_datetime" TIMESTAMP,
    "unique_key" CHAR(64),
    "session_data" BLOB
);
success!
