timestamp: 2018-05-29T20:08:08.745000
CREATE TABLE "web2py_session_HW4S"(
    "id" INTEGER PRIMARY KEY AUTOINCREMENT,
    "locked" CHAR(1),
    "client_ip" CHAR(64),
    "created_datetime" TIMESTAMP,
    "modified_datetime" TIMESTAMP,
    "unique_key" CHAR(64),
    "session_data" BLOB
);
success!
timestamp: 2018-05-29T20:08:08.765000
CREATE TABLE "auth_user"(
    "id" INTEGER PRIMARY KEY AUTOINCREMENT,
    "first_name" CHAR(128),
    "last_name" CHAR(128),
    "email" CHAR(512),
    "password" CHAR(512),
    "registration_key" CHAR(512),
    "reset_password_key" CHAR(512),
    "registration_id" CHAR(512)
);
success!
timestamp: 2018-05-29T20:08:08.782000
CREATE TABLE "auth_group"(
    "id" INTEGER PRIMARY KEY AUTOINCREMENT,
    "role" CHAR(512),
    "description" TEXT
);
success!
timestamp: 2018-05-29T20:08:08.795000
CREATE TABLE "auth_membership"(
    "id" INTEGER PRIMARY KEY AUTOINCREMENT,
    "user_id" INTEGER REFERENCES "auth_user" ("id") ON DELETE CASCADE  ,
    "group_id" INTEGER REFERENCES "auth_group" ("id") ON DELETE CASCADE  
);
success!
timestamp: 2018-05-29T20:08:08.819000
CREATE TABLE "auth_permission"(
    "id" INTEGER PRIMARY KEY AUTOINCREMENT,
    "group_id" INTEGER REFERENCES "auth_group" ("id") ON DELETE CASCADE  ,
    "name" CHAR(512),
    "table_name" CHAR(512),
    "record_id" INTEGER
);
success!
timestamp: 2018-05-29T20:08:08.833000
CREATE TABLE "auth_event"(
    "id" INTEGER PRIMARY KEY AUTOINCREMENT,
    "time_stamp" TIMESTAMP,
    "client_ip" CHAR(512),
    "user_id" INTEGER REFERENCES "auth_user" ("id") ON DELETE CASCADE  ,
    "origin" CHAR(512),
    "description" TEXT
);
success!
timestamp: 2018-05-29T20:08:08.849000
CREATE TABLE "auth_cas"(
    "id" INTEGER PRIMARY KEY AUTOINCREMENT,
    "user_id" INTEGER REFERENCES "auth_user" ("id") ON DELETE CASCADE  ,
    "created_on" TIMESTAMP,
    "service" CHAR(512),
    "ticket" CHAR(512),
    "renew" CHAR(1)
);
success!
timestamp: 2018-05-29T20:08:08.865000
CREATE TABLE "picture"(
    "id" INTEGER PRIMARY KEY AUTOINCREMENT,
    "created_on" TIMESTAMP,
    "created_by" INTEGER REFERENCES "auth_user" ("id") ON DELETE CASCADE  ,
    "picture_url" CHAR(512)
);
success!
timestamp: 2018-05-29T20:08:08.880000
CREATE TABLE "picture_data"(
    "id" INTEGER PRIMARY KEY AUTOINCREMENT,
    "picture_id" INTEGER REFERENCES "picture" ("id") ON DELETE CASCADE  ,
    "original_filename" CHAR(512)
);
success!
timestamp: 2018-05-29T21:28:09.552000
ALTER TABLE "picture" ADD "user_email" CHAR(512);
success!
timestamp: 2018-05-29T21:38:44.870000
CREATE TABLE "web2py_session_HW44"(
    "id" INTEGER PRIMARY KEY AUTOINCREMENT,
    "locked" CHAR(1),
    "client_ip" CHAR(64),
    "created_datetime" TIMESTAMP,
    "modified_datetime" TIMESTAMP,
    "unique_key" CHAR(64),
    "session_data" BLOB
);
success!
timestamp: 2018-05-29T22:04:24.825000
CREATE TABLE "web2py_session_123"(
    "id" INTEGER PRIMARY KEY AUTOINCREMENT,
    "locked" CHAR(1),
    "client_ip" CHAR(64),
    "created_datetime" TIMESTAMP,
    "modified_datetime" TIMESTAMP,
    "unique_key" CHAR(64),
    "session_data" BLOB
);
success!
